Flow report for rv32i_fpga
Thu Nov 20 14:31:30 2025
Quartus Prime Version 24.1std.0 Build 1077 03/04/2025 SC Lite Edition


---------------------
; Table of Contents ;
---------------------
  1. Legal Notice
  2. Flow Summary
  3. Flow Settings
  4. Flow Non-Default Global Settings
  5. Flow Elapsed Time
  6. Flow OS Summary
  7. Flow Log
  8. Flow Messages
  9. Flow Suppressed Messages



----------------
; Legal Notice ;
----------------
Copyright (C) 2025  Altera Corporation. All rights reserved.
Your use of Altera Corporation's design tools, logic functions 
and other software and tools, and any partner logic 
functions, and any output files from any of the foregoing 
(including device programming or simulation files), and any 
associated documentation or information are expressly subject 
to the terms and conditions of the Altera Program License 
Subscription Agreement, the Altera Quartus Prime License Agreement,
the Altera IP License Agreement, or other applicable license
agreement, including, without limitation, that your use is for
the sole purpose of programming logic devices manufactured by
Altera and sold by Altera or its authorized distributors.  Please
refer to the Altera Software License Subscription Agreements 
on the Quartus Prime software download page.



+-----------------------------------------------------------------------------------+
; Flow Summary                                                                      ;
+---------------------------------+-------------------------------------------------+
; Flow Status                     ; Successful - Thu Nov 20 14:31:30 2025           ;
; Quartus Prime Version           ; 24.1std.0 Build 1077 03/04/2025 SC Lite Edition ;
; Revision Name                   ; rv32i_fpga                                      ;
; Top-level Entity Name           ; fpga_top                                        ;
; Family                          ; Cyclone V                                       ;
; Device                          ; 5CSEMA5F31C6                                    ;
; Timing Models                   ; Final                                           ;
; Logic utilization (in ALMs)     ; 24,450 / 32,070 ( 76 % )                        ;
; Total registers                 ; 9606                                            ;
; Total pins                      ; 67 / 457 ( 15 % )                               ;
; Total virtual pins              ; 0                                               ;
; Total block memory bits         ; 0 / 4,065,280 ( 0 % )                           ;
; Total DSP Blocks                ; 0 / 87 ( 0 % )                                  ;
; Total HSSI RX PCSs              ; 0                                               ;
; Total HSSI PMA RX Deserializers ; 0                                               ;
; Total HSSI TX PCSs              ; 0                                               ;
; Total HSSI PMA TX Serializers   ; 0                                               ;
; Total PLLs                      ; 0 / 6 ( 0 % )                                   ;
; Total DLLs                      ; 0 / 4 ( 0 % )                                   ;
+---------------------------------+-------------------------------------------------+


+-----------------------------------------+
; Flow Settings                           ;
+-------------------+---------------------+
; Option            ; Setting             ;
+-------------------+---------------------+
; Start date & time ; 11/20/2025 14:04:02 ;
; Main task         ; Compilation         ;
; Revision Name     ; rv32i_fpga          ;
+-------------------+---------------------+


+----------------------------------------------------------------------------------------------------------------------------------------------------+
; Flow Non-Default Global Settings                                                                                                                   ;
+-----------------------------------------+----------------------------------------+---------------+-------------+-----------------------------------+
; Assignment Name                         ; Value                                  ; Default Value ; Entity Name ; Section Id                        ;
+-----------------------------------------+----------------------------------------+---------------+-------------+-----------------------------------+
; ADV_NETLIST_OPT_SYNTH_WYSIWYG_REMAP     ; On                                     ; Off           ; --          ; --                                ;
; ALM_REGISTER_PACKING_EFFORT             ; High                                   ; Medium        ; --          ; --                                ;
; AUTO_RESOURCE_SHARING                   ; On                                     ; Off           ; --          ; --                                ;
; COMPILER_SIGNATURE_ID                   ; 10995770589196.176366544215896         ; --            ; --          ; --                                ;
; EDA_GENERATE_FUNCTIONAL_NETLIST         ; Off                                    ; --            ; --          ; eda_board_design_timing           ;
; EDA_GENERATE_FUNCTIONAL_NETLIST         ; Off                                    ; --            ; --          ; eda_board_design_boundary_scan    ;
; EDA_GENERATE_FUNCTIONAL_NETLIST         ; Off                                    ; --            ; --          ; eda_board_design_signal_integrity ;
; EDA_GENERATE_FUNCTIONAL_NETLIST         ; Off                                    ; --            ; --          ; eda_board_design_symbol           ;
; EDA_OUTPUT_DATA_FORMAT                  ; Systemverilog Hdl                      ; --            ; --          ; eda_simulation                    ;
; EDA_SIMULATION_TOOL                     ; Questa Intel FPGA (SystemVerilog)      ; <None>        ; --          ; --                                ;
; EDA_TIME_SCALE                          ; 1 ps                                   ; --            ; --          ; eda_simulation                    ;
; ENABLE_LOGIC_ANALYZER_INTERFACE         ; Off                                    ; --            ; --          ; --                                ;
; ENABLE_SIGNALTAP                        ; Off                                    ; --            ; --          ; --                                ;
; FITTER_EFFORT                           ; Standard Fit                           ; Auto Fit      ; --          ; --                                ;
; MAX_CORE_JUNCTION_TEMP                  ; 85                                     ; --            ; --          ; --                                ;
; MIN_CORE_JUNCTION_TEMP                  ; 0                                      ; --            ; --          ; --                                ;
; NUM_PARALLEL_PROCESSORS                 ; All                                    ; --            ; --          ; --                                ;
; OPTIMIZATION_MODE                       ; Aggressive Area                        ; Balanced      ; --          ; --                                ;
; OPTIMIZATION_TECHNIQUE                  ; Area                                   ; Balanced      ; --          ; --                                ;
; PARTITION_COLOR                         ; -- (Not supported for targeted family) ; --            ; fpga_top    ; Top                               ;
; PARTITION_FITTER_PRESERVATION_LEVEL     ; -- (Not supported for targeted family) ; --            ; fpga_top    ; Top                               ;
; PARTITION_NETLIST_TYPE                  ; -- (Not supported for targeted family) ; --            ; fpga_top    ; Top                               ;
; PHYSICAL_SYNTHESIS_COMBO_LOGIC          ; On                                     ; Off           ; --          ; --                                ;
; PHYSICAL_SYNTHESIS_COMBO_LOGIC_FOR_AREA ; On                                     ; Off           ; --          ; --                                ;
; PHYSICAL_SYNTHESIS_EFFORT               ; Extra                                  ; Normal        ; --          ; --                                ;
; PHYSICAL_SYNTHESIS_REGISTER_RETIMING    ; On                                     ; Off           ; --          ; --                                ;
; POWER_BOARD_THERMAL_MODEL               ; None (CONSERVATIVE)                    ; --            ; --          ; --                                ;
; POWER_DEFAULT_INPUT_IO_TOGGLE_RATE      ; 12.5 %                                 ; 12.5%         ; --          ; --                                ;
; POWER_PRESET_COOLING_SOLUTION           ; 23 MM HEAT SINK WITH 200 LFPM AIRFLOW  ; --            ; --          ; --                                ;
; PROJECT_OUTPUT_DIRECTORY                ; output_files                           ; --            ; --          ; --                                ;
; REMOVE_REDUNDANT_LOGIC_CELLS            ; On                                     ; Off           ; --          ; --                                ;
; ROUTER_TIMING_OPTIMIZATION_LEVEL        ; MINIMUM                                ; Normal        ; --          ; --                                ;
; SMART_RECOMPILE                         ; On                                     ; Off           ; --          ; --                                ;
; STATE_MACHINE_PROCESSING                ; User-Encoded                           ; Auto          ; --          ; --                                ;
; SYNTH_TIMING_DRIVEN_SYNTHESIS           ; Off                                    ; On            ; --          ; --                                ;
; TOP_LEVEL_ENTITY                        ; fpga_top                               ; rv32i_fpga    ; --          ; --                                ;
+-----------------------------------------+----------------------------------------+---------------+-------------+-----------------------------------+


+--------------------------------------------------------------------------------------------------------------------------+
; Flow Elapsed Time                                                                                                        ;
+----------------------+--------------+-------------------------+---------------------+------------------------------------+
; Module Name          ; Elapsed Time ; Average Processors Used ; Peak Virtual Memory ; Total CPU Time (on all processors) ;
+----------------------+--------------+-------------------------+---------------------+------------------------------------+
; Analysis & Synthesis ; 00:01:31     ; 2.0                     ; 5117 MB             ; 00:02:07                           ;
; Fitter               ; 00:24:29     ; 1.2                     ; 8259 MB             ; 02:11:33                           ;
; Assembler            ; 00:00:24     ; 1.0                     ; 5498 MB             ; 00:00:24                           ;
; Timing Analyzer      ; 00:00:33     ; 7.6                     ; 5935 MB             ; 00:03:06                           ;
; EDA Netlist Writer   ; 00:00:10     ; 1.0                     ; 5094 MB             ; 00:00:09                           ;
; Total                ; 00:27:07     ; --                      ; --                  ; 02:17:19                           ;
+----------------------+--------------+-------------------------+---------------------+------------------------------------+


+------------------------------------------------------------------------------------+
; Flow OS Summary                                                                    ;
+----------------------+------------------+------------+------------+----------------+
; Module Name          ; Machine Hostname ; OS Name    ; OS Version ; Processor type ;
+----------------------+------------------+------------+------------+----------------+
; Analysis & Synthesis ; LOQ15Cami        ; Windows 10 ; 10.0       ; x86_64         ;
; Fitter               ; LOQ15Cami        ; Windows 10 ; 10.0       ; x86_64         ;
; Assembler            ; LOQ15Cami        ; Windows 10 ; 10.0       ; x86_64         ;
; Timing Analyzer      ; LOQ15Cami        ; Windows 10 ; 10.0       ; x86_64         ;
; EDA Netlist Writer   ; LOQ15Cami        ; Windows 10 ; 10.0       ; x86_64         ;
+----------------------+------------------+------------+------------+----------------+


------------
; Flow Log ;
------------
quartus_map --read_settings_files=on --write_settings_files=off rv32i_fpga -c rv32i_fpga
quartus_fit --read_settings_files=off --write_settings_files=off rv32i_fpga -c rv32i_fpga
quartus_asm --read_settings_files=off --write_settings_files=off rv32i_fpga -c rv32i_fpga
quartus_sta rv32i_fpga -c rv32i_fpga
quartus_eda --read_settings_files=off --write_settings_files=off rv32i_fpga -c rv32i_fpga



